<?xml version="1.0" encoding="UTF-8"?>
<!-- Generated by org.testng.reporters.JUnitXMLReporter -->
<testsuite hostname="L34481WIN" name="Login Test" tests="2" failures="0" timestamp="21 Mar 2020 19:39:53 GMT" time="41.667" errors="0">
  <testcase name="doLogin" time="39.452" classname="com.facebook.pagefactory.testcases.LoginTest"/>
  <testcase name="doLogin" time="0.001" classname="com.facebook.pagefactory.testcases.LoginTest">
    <skipped/>
  </testcase> <!-- doLogin -->
</testsuite> <!-- Login Test -->
