<?xml version="1.0" encoding="UTF-8"?>
<testsuite xmlns:xsi="http://www.w3.org/2001/XMLSchema-instance" xsi:noNamespaceSchemaLocation="https://maven.apache.org/surefire/maven-surefire-plugin/xsd/surefire-test-report.xsd" name="TestSuite" time="36.882" tests="5" errors="0" skipped="2" failures="2">
  <properties>
[...]
</properties>
  <testcase name="ChangePassword" classname="com.facebook.pagefactory.testcases.ChangePasswordTest" time="0.021">
    <failure type="java.lang.NullPointerException">java.lang.NullPointerException
	at com.facebook.pagefactory.testcases.ChangePasswordTest.ChangePassword(ChangePasswordTest.java:28)
</failure>
    <system-out><![CDATA[test start row number ->6
number of rows ->1
number of cols ->6
number of rows in test cases sheet4
]]></system-out>
  </testcase>
  <testcase name="quit" classname="com.facebook.pagefactory.testcases.ChangePasswordTest" time="0.022">
    <failure type="java.lang.NullPointerException">java.lang.NullPointerException
	at com.facebook.pagefactory.testcases.ChangePasswordTest.quit(ChangePasswordTest.java:62)
</failure>
  </testcase>
  <testcase name="doLogin" classname="com.facebook.pagefactory.testcases.LoginTest" time="31.364"/>
  <testcase name="doLogin" classname="com.facebook.pagefactory.testcases.LoginTest" time="0">
    <skipped message="skipping the test"/>
    <system-out><![CDATA[number of rows in test cases sheet4
]]></system-out>
  </testcase>
  <testcase name="testProfile" classname="com.facebook.pagefactory.testcases.ProfileTest" time="0">
    <skipped message="&#10;Method testProfile requires 1 parameters but 0 were supplied in the @Test annotation."/>
  </testcase>
</testsuite>